tol=2.0e-01, sigma=0.0, host=unkno, nav=1024, nbrs=2, l_nlarea=1.000, l_dist=1.000
using quadratic fit line minimization
3: 12 | 4: 12 | 5: 12 | 6: 12 | 7: 12 | 
nlarea/dist = 1000000.000
000: dt: 0.00, sse: 2344.0 (1.670, 15.8, 5.403), neg: 5430 (%3.275:%13.20), avgs: 1024
001: dt: 138.04, sse: 396.4 (1.609, 15.8, 5.349), neg: 735 (%0.349:%1.64), avgs: 1024
002: dt: 0.00, sse: 396.4 (1.609, 15.8, 5.349), neg: 735 (%0.349:%1.64), avgs: 1024
003: dt: 46.49, sse: 320.0 (1.607, 15.8, 5.349), neg: 600 (%0.216:%1.37), avgs: 256
004: dt: 0.00, sse: 320.0 (1.607, 15.8, 5.349), neg: 600 (%0.216:%1.37), avgs: 256
005: dt: 9.67, sse: 271.7 (1.606, 15.8, 5.349), neg: 695 (%0.141:%1.69), avgs: 64
006: dt: 4.86, sse: 263.8 (1.606, 15.8, 5.349), neg: 540 (%0.107:%1.28), avgs: 64
007: dt: 0.53, sse: 263.8 (1.606, 15.8, 5.349), neg: 537 (%0.106:%1.27), avgs: 64
008: dt: 2.18, sse: 242.7 (1.606, 15.8, 5.349), neg: 499 (%0.077:%1.13), avgs: 16
009: dt: 2.02, sse: 235.0 (1.606, 15.8, 5.349), neg: 434 (%0.058:%1.00), avgs: 16
010: dt: 1.42, sse: 232.7 (1.606, 15.8, 5.348), neg: 425 (%0.053:%0.94), avgs: 16
011: dt: 4.67, sse: 228.4 (1.606, 15.8, 5.348), neg: 440 (%0.052:%1.03), avgs: 16
012: dt: 1.11, sse: 225.8 (1.606, 15.8, 5.348), neg: 322 (%0.042:%0.69), avgs: 16
013: dt: 19.54, sse: 217.7 (1.605, 15.8, 5.348), neg: 349 (%0.038:%0.79), avgs: 16
014: dt: 1.15, sse: 214.7 (1.605, 15.8, 5.348), neg: 236 (%0.031:%0.48), avgs: 16
015: dt: 8.77, sse: 212.8 (1.605, 15.8, 5.348), neg: 208 (%0.029:%0.43), avgs: 16
016: dt: 1.60, sse: 212.0 (1.605, 15.8, 5.348), neg: 198 (%0.027:%0.41), avgs: 16
017: dt: 13.00, sse: 209.9 (1.605, 15.8, 5.348), neg: 190 (%0.025:%0.39), avgs: 16
018: dt: 1.35, sse: 208.9 (1.605, 15.8, 5.348), neg: 179 (%0.024:%0.36), avgs: 16
019: dt: 5.79, sse: 208.1 (1.605, 15.8, 5.348), neg: 177 (%0.024:%0.36), avgs: 16
020: dt: 5.06, sse: 207.1 (1.605, 15.8, 5.348), neg: 189 (%0.023:%0.39), avgs: 16
021: dt: 1.84, sse: 206.2 (1.605, 15.8, 5.348), neg: 163 (%0.022:%0.33), avgs: 16
022: dt: 3.53, sse: 205.8 (1.605, 15.8, 5.348), neg: 165 (%0.022:%0.34), avgs: 16
023: dt: 3.10, sse: 205.1 (1.605, 15.8, 5.348), neg: 161 (%0.022:%0.32), avgs: 16
024: dt: 1.41, sse: 204.8 (1.605, 15.8, 5.348), neg: 157 (%0.021:%0.32), avgs: 16
025: dt: 58.44, sse: 199.1 (1.605, 15.8, 5.349), neg: 150 (%0.016:%0.30), avgs: 16
026: dt: 1.37, sse: 197.6 (1.605, 15.8, 5.349), neg: 129 (%0.015:%0.25), avgs: 16
027: dt: 18.65, sse: 195.6 (1.605, 15.8, 5.349), neg: 126 (%0.013:%0.25), avgs: 16
028: dt: 2.63, sse: 193.9 (1.605, 15.8, 5.349), neg: 124 (%0.013:%0.24), avgs: 16
029: dt: 1.84, sse: 193.6 (1.605, 15.8, 5.349), neg: 118 (%0.013:%0.22), avgs: 16
030: dt: 17.02, sse: 192.6 (1.605, 15.8, 5.350), neg: 117 (%0.012:%0.22), avgs: 16
031: dt: 1.70, sse: 192.0 (1.605, 15.8, 5.350), neg: 110 (%0.012:%0.21), avgs: 16
032: dt: 18.03, sse: 191.1 (1.605, 15.8, 5.350), neg: 114 (%0.012:%0.21), avgs: 16
033: dt: 2.43, sse: 190.4 (1.605, 15.8, 5.350), neg: 111 (%0.011:%0.21), avgs: 16
034: dt: 3.88, sse: 190.2 (1.605, 15.8, 5.350), neg: 109 (%0.011:%0.20), avgs: 16
035: dt: 2.69, sse: 190.0 (1.605, 15.8, 5.350), neg: 109 (%0.011:%0.20), avgs: 16
036: dt: 5.56, sse: 189.7 (1.605, 15.8, 5.350), neg: 107 (%0.011:%0.19), avgs: 16
037: dt: 1.51, sse: 189.5 (1.605, 15.8, 5.350), neg: 107 (%0.011:%0.19), avgs: 16
038: dt: 1.54, sse: 185.7 (1.605, 15.8, 5.351), neg: 71 (%0.006:%0.11), avgs: 4
039: dt: 0.99, sse: 184.3 (1.605, 15.8, 5.351), neg: 63 (%0.005:%0.09), avgs: 4
040: dt: 0.38, sse: 183.7 (1.605, 15.8, 5.351), neg: 53 (%0.004:%0.07), avgs: 4
041: dt: 1.18, sse: 183.0 (1.605, 15.8, 5.351), neg: 48 (%0.004:%0.06), avgs: 4
042: dt: 0.45, sse: 182.5 (1.605, 15.8, 5.351), neg: 41 (%0.003:%0.05), avgs: 4
043: dt: 0.43, sse: 182.0 (1.605, 15.8, 5.351), neg: 37 (%0.003:%0.04), avgs: 4
044: dt: 0.51, sse: 181.7 (1.605, 15.8, 5.351), neg: 35 (%0.003:%0.04), avgs: 4
045: dt: 0.70, sse: 181.3 (1.605, 15.8, 5.351), neg: 35 (%0.003:%0.04), avgs: 4
046: dt: 0.34, sse: 181.0 (1.605, 15.8, 5.351), neg: 35 (%0.003:%0.04), avgs: 4
047: dt: 2.18, sse: 180.2 (1.605, 15.8, 5.351), neg: 34 (%0.003:%0.03), avgs: 4
048: dt: 0.12, sse: 179.9 (1.605, 15.8, 5.351), neg: 34 (%0.003:%0.03), avgs: 4
049: dt: 0.13, sse: 179.6 (1.605, 15.8, 5.351), neg: 34 (%0.002:%0.03), avgs: 4
050: dt: 0.28, sse: 179.4 (1.605, 15.8, 5.351), neg: 34 (%0.002:%0.03), avgs: 4
051: dt: 13.83, sse: 176.1 (1.605, 15.8, 5.351), neg: 38 (%0.004:%0.04), avgs: 4
052: dt: 0.35, sse: 174.0 (1.605, 15.8, 5.351), neg: 29 (%0.001:%0.02), avgs: 4
053: dt: 0.87, sse: 173.7 (1.605, 15.8, 5.351), neg: 28 (%0.002:%0.02), avgs: 4
054: dt: 0.39, sse: 173.5 (1.605, 15.8, 5.351), neg: 30 (%0.001:%0.02), avgs: 4
055: dt: 0.81, sse: 173.3 (1.605, 15.8, 5.351), neg: 29 (%0.002:%0.02), avgs: 4
056: dt: 0.23, sse: 173.2 (1.605, 15.8, 5.351), neg: 29 (%0.001:%0.02), avgs: 4
057: dt: 3.81, sse: 172.6 (1.605, 15.8, 5.350), neg: 31 (%0.002:%0.02), avgs: 4
058: dt: 0.40, sse: 172.0 (1.605, 15.8, 5.350), neg: 29 (%0.001:%0.02), avgs: 4
059: dt: 0.16, sse: 171.9 (1.605, 15.8, 5.350), neg: 29 (%0.001:%0.02), avgs: 4
060: dt: 1.14, sse: 171.8 (1.605, 15.8, 5.350), neg: 28 (%0.001:%0.02), avgs: 4
061: dt: 0.25, sse: 171.6 (1.605, 15.8, 5.350), neg: 28 (%0.001:%0.02), avgs: 4
062: dt: 15.24, sse: 170.0 (1.606, 15.8, 5.350), neg: 29 (%0.003:%0.02), avgs: 4
063: dt: 0.38, sse: 168.4 (1.606, 15.8, 5.350), neg: 27 (%0.001:%0.02), avgs: 4
064: dt: 0.62, sse: 168.3 (1.606, 15.8, 5.350), neg: 26 (%0.001:%0.02), avgs: 4
065: dt: 0.18, sse: 168.2 (1.606, 15.8, 5.350), neg: 26 (%0.001:%0.02), avgs: 4
066: dt: 0.90, sse: 168.1 (1.606, 15.8, 5.350), neg: 27 (%0.001:%0.02), avgs: 4
067: dt: 0.25, sse: 168.0 (1.606, 15.8, 5.350), neg: 26 (%0.001:%0.02), avgs: 4
068: dt: 0.84, sse: 167.7 (1.606, 15.8, 5.350), neg: 27 (%0.001:%0.02), avgs: 1
069: dt: 0.00, sse: 167.7 (1.606, 15.8, 5.350), neg: 27 (%0.001:%0.02), avgs: 1
070: dt: 0.09, sse: 167.3 (1.606, 15.8, 5.350), neg: 26 (%0.001:%0.02), avgs: 0
071: dt: 0.02, sse: 167.2 (1.606, 15.8, 5.350), neg: 26 (%0.001:%0.02), avgs: 0
072: dt: 0.03, sse: 167.2 (1.606, 15.8, 5.350), neg: 25 (%0.001:%0.02), avgs: 0
073: dt: 0.02, sse: 167.1 (1.606, 15.8, 5.350), neg: 25 (%0.001:%0.02), avgs: 0
074: dt: 0.02, sse: 167.1 (1.606, 15.8, 5.350), neg: 24 (%0.001:%0.02), avgs: 0
nlarea/dist = 100000.000
075: dt: 3206.29, sse: 674.3 (1.591, 15.8, 5.333), neg: 49 (%0.006:%0.06), avgs: 1024
076: dt: 1660.49, sse: 668.7 (1.587, 15.8, 5.330), neg: 25 (%0.001:%0.02), avgs: 1024
077: dt: 0.00, sse: 668.7 (1.587, 15.8, 5.330), neg: 25 (%0.001:%0.02), avgs: 1024
078: dt: 636.70, sse: 666.0 (1.586, 15.8, 5.330), neg: 24 (%0.001:%0.02), avgs: 256
079: dt: 183.24, sse: 665.9 (1.586, 15.8, 5.329), neg: 24 (%0.001:%0.02), avgs: 256
080: dt: 11.18, sse: 665.9 (1.586, 15.8, 5.329), neg: 24 (%0.001:%0.02), avgs: 64
081: dt: 0.00, sse: 665.9 (1.586, 15.8, 5.329), neg: 24 (%0.001:%0.02), avgs: 16
082: dt: 0.00, sse: 665.9 (1.586, 15.8, 5.329), neg: 24 (%0.001:%0.02), avgs: 4
083: dt: 0.00, sse: 665.9 (1.586, 15.8, 5.329), neg: 24 (%0.001:%0.02), avgs: 1
084: dt: 0.00, sse: 665.9 (1.586, 15.8, 5.329), neg: 24 (%0.001:%0.02), avgs: 0
nlarea/dist = 1000.000
085: dt: 157288.27, sse: 39836.8 (1.108, 15.8, 3.860), neg: 8336 (%16.823:%20.45), avgs: 1024
086: dt: 184.85, sse: 28902.9 (0.827, 15.8, 3.626), neg: 1179 (%0.252:%2.60), avgs: 1024
087: dt: 2410.90, sse: 27902.0 (0.773, 15.8, 3.570), neg: 266 (%0.077:%0.53), avgs: 1024
088: dt: 6020.86, sse: 26544.3 (0.747, 15.8, 3.464), neg: 1425 (%0.842:%3.35), avgs: 1024
089: dt: 386.47, sse: 26030.6 (0.731, 15.8, 3.453), neg: 38 (%0.005:%0.03), avgs: 1024
090: dt: 168585.58, sse: 20799.1 (0.598, 15.8, 3.043), neg: 2681 (%1.169:%6.49), avgs: 1024
091: dt: 562.03, sse: 20074.3 (0.582, 15.8, 3.024), neg: 94 (%0.019:%0.14), avgs: 1024
092: dt: 5447.01, sse: 19879.4 (0.594, 15.8, 3.014), neg: 40 (%0.008:%0.05), avgs: 1024
093: dt: 48955.13, sse: 17517.9 (0.524, 15.8, 2.757), neg: 2488 (%2.891:%6.02), avgs: 1024
094: dt: 313.62, sse: 16538.8 (0.493, 15.8, 2.738), neg: 38 (%0.008:%0.03), avgs: 1024
095: dt: 4176.44, sse: 16362.1 (0.486, 15.8, 2.730), neg: 39 (%0.008:%0.03), avgs: 1024
096: dt: 37971.56, sse: 15313.2 (0.466, 15.8, 2.625), neg: 829 (%0.269:%2.07), avgs: 1024
097: dt: 1180.08, sse: 14994.3 (0.453, 15.8, 2.607), neg: 202 (%0.040:%0.50), avgs: 1024
098: dt: 2630.89, sse: 14781.1 (0.450, 15.8, 2.591), neg: 35 (%0.008:%0.03), avgs: 1024
099: dt: 3143.76, sse: 14740.3 (0.452, 15.8, 2.590), neg: 37 (%0.007:%0.03), avgs: 1024
100: dt: 7096.69, sse: 14355.9 (0.424, 15.8, 2.553), neg: 41 (%0.009:%0.04), avgs: 256
101: dt: 645.77, sse: 14264.8 (0.419, 15.8, 2.546), neg: 35 (%0.008:%0.03), avgs: 256
102: dt: 859.73, sse: 14173.7 (0.415, 15.8, 2.538), neg: 35 (%0.008:%0.03), avgs: 256
103: dt: 2499.55, sse: 14030.6 (0.404, 15.8, 2.524), neg: 36 (%0.007:%0.03), avgs: 256
104: dt: 2660.89, sse: 13880.6 (0.395, 15.8, 2.508), neg: 39 (%0.009:%0.03), avgs: 256
105: dt: 660.69, sse: 13792.7 (0.389, 15.8, 2.502), neg: 36 (%0.008:%0.03), avgs: 256
106: dt: 2361.81, sse: 13728.7 (0.382, 15.8, 2.493), neg: 146 (%0.024:%0.23), avgs: 256
107: dt: 336.31, sse: 13680.1 (0.379, 15.8, 2.491), neg: 39 (%0.007:%0.03), avgs: 256
108: dt: 2628.27, sse: 13610.1 (0.369, 15.8, 2.483), neg: 115 (%0.019:%0.17), avgs: 256
109: dt: 311.16, sse: 13580.6 (0.367, 15.8, 2.482), neg: 38 (%0.008:%0.03), avgs: 256
110: dt: 663.44, sse: 13526.8 (0.360, 15.8, 2.476), neg: 117 (%0.056:%0.19), avgs: 64
111: dt: 25.45, sse: 13504.5 (0.359, 15.8, 2.475), neg: 40 (%0.010:%0.03), avgs: 64
112: dt: 35.33, sse: 13499.5 (0.358, 15.8, 2.475), neg: 39 (%0.010:%0.03), avgs: 64
113: dt: 28.16, sse: 13490.4 (0.357, 15.8, 2.474), neg: 35 (%0.012:%0.03), avgs: 16
114: dt: 19.56, sse: 13487.9 (0.357, 15.8, 2.473), neg: 42 (%0.015:%0.05), avgs: 16
115: dt: 1.17, sse: 13486.3 (0.357, 15.8, 2.473), neg: 37 (%0.012:%0.03), avgs: 4
116: dt: 0.00, sse: 13486.3 (0.357, 15.8, 2.473), neg: 37 (%0.012:%0.03), avgs: 1
117: dt: 0.03, sse: 13485.3 (0.357, 15.8, 2.473), neg: 36 (%0.007:%0.04), avgs: 0
nlarea/dist = 100.000
118: dt: 42127.82, sse: 60136.5 (0.298, 15.8, 1.635), neg: 8126 (%10.024:%19.88), avgs: 1024
119: dt: 233.28, sse: 58773.5 (0.253, 15.8, 1.627), neg: 2200 (%1.066:%5.15), avgs: 1024
120: dt: 676.49, sse: 55968.9 (0.230, 15.8, 1.591), neg: 643 (%0.205:%1.34), avgs: 1024
121: dt: 4310.82, sse: 49582.5 (0.202, 15.8, 1.503), neg: 53 (%0.033:%0.06), avgs: 1024
122: dt: 3999.55, sse: 47753.2 (0.203, 15.8, 1.476), neg: 49 (%0.025:%0.05), avgs: 1024
123: dt: 13895.82, sse: 42660.7 (0.207, 15.8, 1.393), neg: 176 (%0.056:%0.38), avgs: 1024
124: dt: 2325.59, sse: 40521.4 (0.190, 15.8, 1.359), neg: 48 (%0.028:%0.05), avgs: 1024
125: dt: 27921.70, sse: 35279.0 (0.217, 15.8, 1.263), neg: 803 (%0.256:%1.89), avgs: 1024
126: dt: 1427.39, sse: 33724.2 (0.197, 15.8, 1.237), neg: 51 (%0.034:%0.06), avgs: 1024
127: dt: 4505.78, sse: 32380.3 (0.181, 15.8, 1.213), neg: 52 (%0.037:%0.06), avgs: 1024
128: dt: 16973.60, sse: 31098.1 (0.175, 15.8, 1.188), neg: 78 (%0.043:%0.11), avgs: 1024
129: dt: 4548.25, sse: 30734.1 (0.175, 15.8, 1.181), neg: 60 (%0.043:%0.07), avgs: 1024
130: dt: 5232.81, sse: 30537.0 (0.175, 15.8, 1.177), neg: 60 (%0.044:%0.08), avgs: 1024
131: dt: 5934.81, sse: 30331.9 (0.175, 15.8, 1.173), neg: 64 (%0.047:%0.09), avgs: 1024
132: dt: 4071.38, sse: 30190.1 (0.174, 15.8, 1.170), neg: 62 (%0.046:%0.08), avgs: 1024
133: dt: 3678.28, sse: 27918.8 (0.167, 15.8, 1.123), neg: 613 (%0.340:%1.32), avgs: 256
134: dt: 132.64, sse: 27621.3 (0.160, 15.8, 1.118), neg: 107 (%0.052:%0.17), avgs: 256
135: dt: 677.86, sse: 27385.3 (0.153, 15.8, 1.114), neg: 56 (%0.043:%0.07), avgs: 256
136: dt: 574.84, sse: 27305.1 (0.150, 15.8, 1.112), neg: 55 (%0.044:%0.07), avgs: 256
137: dt: 396.61, sse: 27292.2 (0.149, 15.8, 1.112), neg: 54 (%0.044:%0.07), avgs: 256
138: dt: 812.13, sse: 24966.9 (0.142, 15.8, 1.062), neg: 271 (%0.246:%0.61), avgs: 64
139: dt: 81.89, sse: 24284.4 (0.128, 15.8, 1.048), neg: 47 (%0.032:%0.05), avgs: 64
140: dt: 449.35, sse: 23620.1 (0.130, 15.8, 1.033), neg: 190 (%0.120:%0.41), avgs: 64
141: dt: 98.91, sse: 23199.7 (0.127, 15.8, 1.024), neg: 197 (%0.065:%0.39), avgs: 64
142: dt: 93.67, sse: 22973.7 (0.122, 15.8, 1.019), neg: 43 (%0.027:%0.04), avgs: 64
143: dt: 262.95, sse: 22683.8 (0.121, 15.8, 1.012), neg: 46 (%0.032:%0.05), avgs: 64
144: dt: 205.87, sse: 22317.9 (0.119, 15.8, 1.004), neg: 58 (%0.031:%0.08), avgs: 64
145: dt: 141.96, sse: 22112.7 (0.116, 15.8, 0.999), neg: 44 (%0.028:%0.05), avgs: 64
146: dt: 189.90, sse: 21983.3 (0.115, 15.8, 0.996), neg: 43 (%0.028:%0.05), avgs: 64
147: dt: 383.46, sse: 21738.3 (0.116, 15.8, 0.991), neg: 70 (%0.029:%0.11), avgs: 64
148: dt: 125.31, sse: 21569.4 (0.112, 15.8, 0.987), neg: 42 (%0.025:%0.04), avgs: 64
149: dt: 311.33, sse: 21447.4 (0.112, 15.8, 0.984), neg: 74 (%0.034:%0.11), avgs: 64
150: dt: 123.29, sse: 21311.9 (0.110, 15.8, 0.981), neg: 41 (%0.024:%0.04), avgs: 64
151: dt: 324.51, sse: 21161.3 (0.109, 15.8, 0.977), neg: 41 (%0.024:%0.04), avgs: 64
152: dt: 264.02, sse: 21055.9 (0.108, 15.8, 0.975), neg: 42 (%0.024:%0.04), avgs: 64
153: dt: 409.44, sse: 20954.7 (0.107, 15.8, 0.973), neg: 45 (%0.024:%0.05), avgs: 64
154: dt: 203.05, sse: 20904.0 (0.106, 15.8, 0.971), neg: 44 (%0.024:%0.05), avgs: 64
155: dt: 383.46, sse: 20870.8 (0.105, 15.8, 0.971), neg: 47 (%0.024:%0.05), avgs: 64
156: dt: 52.01, sse: 20867.8 (0.105, 15.8, 0.971), neg: 47 (%0.024:%0.05), avgs: 64
157: dt: 260.57, sse: 20313.7 (0.096, 15.8, 0.957), neg: 78 (%0.027:%0.13), avgs: 16
158: dt: 34.16, sse: 20211.7 (0.094, 15.8, 0.955), neg: 48 (%0.019:%0.06), avgs: 16
159: dt: 56.70, sse: 20113.7 (0.091, 15.8, 0.953), neg: 54 (%0.018:%0.08), avgs: 16
160: dt: 46.33, sse: 20023.8 (0.090, 15.8, 0.951), neg: 60 (%0.021:%0.09), avgs: 16
161: dt: 31.51, sse: 19963.1 (0.088, 15.8, 0.949), neg: 55 (%0.014:%0.08), avgs: 16
162: dt: 51.76, sse: 19893.9 (0.088, 15.8, 0.947), neg: 45 (%0.012:%0.05), avgs: 16
163: dt: 49.53, sse: 19799.8 (0.087, 15.8, 0.945), neg: 49 (%0.013:%0.06), avgs: 16
164: dt: 67.29, sse: 19728.6 (0.085, 15.8, 0.943), neg: 40 (%0.011:%0.04), avgs: 16
165: dt: 70.97, sse: 19659.2 (0.085, 15.8, 0.942), neg: 49 (%0.015:%0.06), avgs: 16
166: dt: 34.33, sse: 19615.4 (0.083, 15.8, 0.941), neg: 38 (%0.010:%0.03), avgs: 16
167: dt: 187.67, sse: 19515.5 (0.085, 15.8, 0.938), neg: 83 (%0.035:%0.15), avgs: 16
168: dt: 22.41, sse: 19436.7 (0.082, 15.8, 0.936), neg: 39 (%0.010:%0.03), avgs: 16
169: dt: 79.38, sse: 19391.7 (0.081, 15.8, 0.935), neg: 42 (%0.010:%0.04), avgs: 16
170: dt: 50.80, sse: 19366.3 (0.080, 15.8, 0.935), neg: 37 (%0.008:%0.03), avgs: 16
171: dt: 429.26, sse: 19206.0 (0.081, 15.8, 0.931), neg: 81 (%0.040:%0.13), avgs: 16
172: dt: 24.24, sse: 19116.9 (0.078, 15.8, 0.929), neg: 33 (%0.008:%0.03), avgs: 16
173: dt: 164.92, sse: 19000.3 (0.079, 15.8, 0.926), neg: 39 (%0.009:%0.03), avgs: 16
174: dt: 58.18, sse: 18945.7 (0.077, 15.8, 0.924), neg: 38 (%0.008:%0.04), avgs: 16
175: dt: 43.44, sse: 18909.6 (0.076, 15.8, 0.924), neg: 34 (%0.007:%0.03), avgs: 16
176: dt: 231.96, sse: 18834.9 (0.077, 15.8, 0.922), neg: 65 (%0.022:%0.11), avgs: 16
177: dt: 23.40, sse: 18780.9 (0.075, 15.8, 0.920), neg: 35 (%0.007:%0.03), avgs: 16
178: dt: 205.08, sse: 18704.1 (0.076, 15.8, 0.918), neg: 37 (%0.008:%0.03), avgs: 16
179: dt: 45.32, sse: 18656.8 (0.075, 15.8, 0.917), neg: 34 (%0.007:%0.03), avgs: 16
180: dt: 208.59, sse: 18611.2 (0.076, 15.8, 0.916), neg: 32 (%0.007:%0.02), avgs: 16
181: dt: 67.23, sse: 18553.1 (0.074, 15.8, 0.915), neg: 33 (%0.007:%0.02), avgs: 16
182: dt: 58.60, sse: 18523.6 (0.074, 15.8, 0.914), neg: 32 (%0.007:%0.02), avgs: 16
183: dt: 69.41, sse: 18505.8 (0.073, 15.8, 0.914), neg: 32 (%0.007:%0.02), avgs: 16
184: dt: 384.22, sse: 18439.3 (0.077, 15.8, 0.912), neg: 111 (%0.114:%0.22), avgs: 16
185: dt: 16.71, sse: 18366.2 (0.072, 15.8, 0.910), neg: 31 (%0.006:%0.02), avgs: 16
186: dt: 188.86, sse: 18289.0 (0.073, 15.8, 0.908), neg: 30 (%0.006:%0.02), avgs: 16
187: dt: 16.10, sse: 18249.4 (0.072, 15.8, 0.907), neg: 33 (%0.006:%0.04), avgs: 4
188: dt: 15.52, sse: 18205.5 (0.072, 15.8, 0.906), neg: 49 (%0.017:%0.09), avgs: 4
189: dt: 6.27, sse: 18176.1 (0.070, 15.8, 0.905), neg: 32 (%0.006:%0.03), avgs: 4
190: dt: 21.04, sse: 18126.7 (0.072, 15.8, 0.904), neg: 52 (%0.033:%0.08), avgs: 4
191: dt: 6.62, sse: 18088.8 (0.069, 15.8, 0.903), neg: 34 (%0.016:%0.04), avgs: 4
192: dt: 9.64, sse: 18062.6 (0.070, 15.8, 0.903), neg: 41 (%0.025:%0.05), avgs: 4
193: dt: 9.66, sse: 18027.0 (0.069, 15.8, 0.902), neg: 41 (%0.020:%0.06), avgs: 4
194: dt: 9.87, sse: 17993.4 (0.069, 15.8, 0.901), neg: 41 (%0.022:%0.05), avgs: 4
195: dt: 2.47, sse: 17981.9 (0.068, 15.8, 0.901), neg: 27 (%0.004:%0.02), avgs: 4
196: dt: 115.20, sse: 17756.4 (0.076, 15.8, 0.894), neg: 98 (%0.137:%0.18), avgs: 4
197: dt: 4.05, sse: 17676.7 (0.066, 15.8, 0.893), neg: 51 (%0.028:%0.08), avgs: 4
198: dt: 8.17, sse: 17648.7 (0.065, 15.8, 0.892), neg: 40 (%0.014:%0.06), avgs: 4
199: dt: 10.54, sse: 17616.7 (0.065, 15.8, 0.891), neg: 38 (%0.018:%0.05), avgs: 4
200: dt: 11.36, sse: 17585.5 (0.064, 15.8, 0.890), neg: 37 (%0.013:%0.05), avgs: 4
201: dt: 13.15, sse: 17555.7 (0.064, 15.8, 0.890), neg: 38 (%0.016:%0.05), avgs: 4
202: dt: 13.15, sse: 17518.2 (0.063, 15.8, 0.889), neg: 32 (%0.012:%0.03), avgs: 4
203: dt: 11.15, sse: 17493.1 (0.064, 15.8, 0.888), neg: 34 (%0.015:%0.03), avgs: 4
204: dt: 11.62, sse: 17473.8 (0.063, 15.8, 0.888), neg: 32 (%0.009:%0.03), avgs: 4
205: dt: 27.76, sse: 17399.3 (0.063, 15.8, 0.886), neg: 57 (%0.017:%0.06), avgs: 4
206: dt: 2.90, sse: 17387.8 (0.062, 15.8, 0.885), neg: 29 (%0.004:%0.02), avgs: 4
207: dt: 111.32, sse: 17265.0 (0.074, 15.8, 0.882), neg: 108 (%0.129:%0.16), avgs: 4
208: dt: 1.99, sse: 17224.4 (0.065, 15.8, 0.881), neg: 49 (%0.020:%0.05), avgs: 4
209: dt: 8.51, sse: 17177.9 (0.066, 15.8, 0.880), neg: 42 (%0.022:%0.05), avgs: 4
210: dt: 2.55, sse: 17164.7 (0.063, 15.8, 0.880), neg: 30 (%0.009:%0.03), avgs: 4
211: dt: 41.10, sse: 17091.1 (0.063, 15.8, 0.878), neg: 37 (%0.036:%0.04), avgs: 4
212: dt: 5.08, sse: 17047.6 (0.062, 15.8, 0.877), neg: 34 (%0.012:%0.03), avgs: 4
213: dt: 12.33, sse: 17039.6 (0.062, 15.8, 0.876), neg: 31 (%0.010:%0.03), avgs: 4
214: dt: 20.49, sse: 16996.1 (0.061, 15.8, 0.875), neg: 34 (%0.023:%0.03), avgs: 4
215: dt: 4.00, sse: 16983.1 (0.060, 15.8, 0.875), neg: 26 (%0.006:%0.02), avgs: 4
216: dt: 48.68, sse: 16926.6 (0.062, 15.8, 0.873), neg: 45 (%0.035:%0.04), avgs: 4
217: dt: 0.08, sse: 16926.5 (0.062, 15.8, 0.873), neg: 48 (%0.038:%0.05), avgs: 1
218: dt: 0.26, sse: 16917.9 (0.061, 15.8, 0.873), neg: 37 (%0.026:%0.04), avgs: 0
219: dt: 0.17, sse: 16912.1 (0.060, 15.8, 0.873), neg: 34 (%0.009:%0.03), avgs: 0
220: dt: 0.97, sse: 16906.2 (0.060, 15.8, 0.873), neg: 33 (%0.023:%0.03), avgs: 0
221: dt: 0.24, sse: 16901.0 (0.059, 15.8, 0.873), neg: 31 (%0.008:%0.03), avgs: 0
222: dt: 0.10, sse: 16899.5 (0.059, 15.8, 0.873), neg: 27 (%0.003:%0.02), avgs: 0
nlarea/dist = 10.000
223: dt: 5368.48, sse: 85574.9 (0.084, 15.8, 0.626), neg: 34 (%0.007:%0.03), avgs: 1024
224: dt: 2174.26, sse: 63210.4 (0.061, 15.8, 0.538), neg: 27 (%0.005:%0.02), avgs: 1024
225: dt: 5214.58, sse: 51331.9 (0.062, 15.8, 0.484), neg: 31 (%0.004:%0.03), avgs: 1024
226: dt: 2073.65, sse: 46344.3 (0.056, 15.8, 0.460), neg: 29 (%0.006:%0.03), avgs: 1024
227: dt: 8480.49, sse: 41541.0 (0.059, 15.8, 0.435), neg: 32 (%0.008:%0.03), avgs: 1024
228: dt: 1569.95, sse: 40131.8 (0.056, 15.8, 0.428), neg: 34 (%0.007:%0.03), avgs: 1024
229: dt: 6470.48, sse: 39593.7 (0.056, 15.8, 0.425), neg: 29 (%0.007:%0.03), avgs: 1024
230: dt: 3848.08, sse: 38923.4 (0.057, 15.8, 0.421), neg: 31 (%0.007:%0.03), avgs: 1024
231: dt: 1380.35, sse: 38809.6 (0.056, 15.8, 0.421), neg: 34 (%0.007:%0.04), avgs: 1024
232: dt: 1120.63, sse: 33776.1 (0.055, 15.8, 0.392), neg: 27 (%0.005:%0.02), avgs: 256
233: dt: 868.56, sse: 32014.2 (0.054, 15.8, 0.382), neg: 30 (%0.005:%0.03), avgs: 256
234: dt: 936.65, sse: 31130.1 (0.054, 15.8, 0.376), neg: 29 (%0.005:%0.03), avgs: 256
235: dt: 816.55, sse: 30592.4 (0.054, 15.8, 0.373), neg: 31 (%0.005:%0.03), avgs: 256
236: dt: 824.35, sse: 30269.1 (0.054, 15.8, 0.371), neg: 31 (%0.005:%0.03), avgs: 256
237: dt: 975.90, sse: 29969.6 (0.054, 15.8, 0.369), neg: 31 (%0.005:%0.03), avgs: 256
238: dt: 568.59, sse: 29825.6 (0.053, 15.8, 0.368), neg: 30 (%0.005:%0.03), avgs: 256
239: dt: 2352.20, sse: 29523.6 (0.054, 15.8, 0.366), neg: 31 (%0.006:%0.03), avgs: 256
240: dt: 351.94, sse: 29406.9 (0.053, 15.8, 0.366), neg: 30 (%0.005:%0.03), avgs: 256
241: dt: 1683.69, sse: 29344.2 (0.054, 15.8, 0.365), neg: 28 (%0.005:%0.02), avgs: 256
242: dt: 287.47, sse: 27576.1 (0.053, 15.8, 0.354), neg: 24 (%0.004:%0.02), avgs: 64
243: dt: 234.49, sse: 27053.6 (0.052, 15.8, 0.351), neg: 26 (%0.004:%0.02), avgs: 64
244: dt: 293.67, sse: 26744.2 (0.052, 15.8, 0.349), neg: 25 (%0.004:%0.02), avgs: 64
245: dt: 139.64, sse: 26615.1 (0.052, 15.8, 0.348), neg: 25 (%0.004:%0.02), avgs: 64
246: dt: 961.36, sse: 26369.3 (0.052, 15.8, 0.346), neg: 25 (%0.004:%0.02), avgs: 64
247: dt: 102.00, sse: 26317.7 (0.052, 15.8, 0.346), neg: 26 (%0.004:%0.02), avgs: 64
248: dt: 530.42, sse: 26280.8 (0.052, 15.8, 0.345), neg: 26 (%0.004:%0.02), avgs: 64
249: dt: 209.92, sse: 26256.5 (0.052, 15.8, 0.345), neg: 26 (%0.004:%0.02), avgs: 64
250: dt: 110.91, sse: 25569.1 (0.051, 15.8, 0.341), neg: 28 (%0.003:%0.02), avgs: 16
251: dt: 91.39, sse: 25321.7 (0.051, 15.8, 0.339), neg: 27 (%0.003:%0.02), avgs: 16
252: dt: 47.50, sse: 25268.4 (0.051, 15.8, 0.339), neg: 28 (%0.003:%0.02), avgs: 16
253: dt: 150.46, sse: 25143.0 (0.051, 15.8, 0.338), neg: 33 (%0.009:%0.03), avgs: 16
254: dt: 7.00, sse: 25127.8 (0.050, 15.8, 0.338), neg: 29 (%0.004:%0.02), avgs: 16
255: dt: 31.00, sse: 24833.9 (0.050, 15.8, 0.336), neg: 36 (%0.013:%0.03), avgs: 4
256: dt: 10.12, sse: 24735.4 (0.048, 15.8, 0.335), neg: 31 (%0.004:%0.02), avgs: 4
257: dt: 26.90, sse: 24585.2 (0.048, 15.8, 0.334), neg: 27 (%0.010:%0.02), avgs: 4
258: dt: 8.18, sse: 24526.6 (0.047, 15.8, 0.334), neg: 32 (%0.004:%0.03), avgs: 4
259: dt: 12.89, sse: 24500.4 (0.047, 15.8, 0.333), neg: 26 (%0.005:%0.02), avgs: 4
260: dt: 26.35, sse: 24435.7 (0.047, 15.8, 0.333), neg: 36 (%0.016:%0.03), avgs: 4
261: dt: 3.51, sse: 24411.4 (0.046, 15.8, 0.333), neg: 28 (%0.005:%0.02), avgs: 4
262: dt: 7.36, sse: 24392.6 (0.046, 15.8, 0.333), neg: 26 (%0.003:%0.02), avgs: 4
263: dt: 98.65, sse: 24196.7 (0.046, 15.8, 0.331), neg: 31 (%0.012:%0.03), avgs: 4
264: dt: 3.11, sse: 24184.7 (0.045, 15.8, 0.331), neg: 27 (%0.006:%0.02), avgs: 4
265: dt: 8.11, sse: 24164.1 (0.045, 15.8, 0.331), neg: 28 (%0.004:%0.02), avgs: 4
266: dt: 10.00, sse: 24156.3 (0.045, 15.8, 0.331), neg: 27 (%0.005:%0.02), avgs: 4
267: dt: 2.69, sse: 24140.2 (0.045, 15.8, 0.331), neg: 31 (%0.010:%0.02), avgs: 1
268: dt: 0.00, sse: 24140.2 (0.045, 15.8, 0.331), neg: 31 (%0.010:%0.02), avgs: 1
269: dt: 1.04, sse: 24091.6 (0.046, 15.8, 0.331), neg: 38 (%0.024:%0.04), avgs: 0
270: dt: 0.23, sse: 24064.0 (0.044, 15.8, 0.330), neg: 30 (%0.005:%0.02), avgs: 0
271: dt: 2.40, sse: 23971.7 (0.044, 15.8, 0.330), neg: 40 (%0.023:%0.04), avgs: 0
272: dt: 0.69, sse: 23927.1 (0.043, 15.8, 0.329), neg: 33 (%0.006:%0.03), avgs: 0
273: dt: 1.49, sse: 23887.3 (0.042, 15.8, 0.329), neg: 31 (%0.009:%0.02), avgs: 0
274: dt: 1.33, sse: 23843.4 (0.043, 15.8, 0.329), neg: 30 (%0.018:%0.03), avgs: 0
275: dt: 0.55, sse: 23818.3 (0.041, 15.8, 0.329), neg: 27 (%0.006:%0.02), avgs: 0
276: dt: 1.51, sse: 23789.9 (0.041, 15.8, 0.329), neg: 26 (%0.009:%0.02), avgs: 0
277: dt: 0.14, sse: 23784.7 (0.041, 15.8, 0.328), neg: 25 (%0.005:%0.02), avgs: 0
278: dt: 0.72, sse: 23774.8 (0.041, 15.8, 0.328), neg: 25 (%0.005:%0.02), avgs: 0
279: dt: 1.58, sse: 23747.8 (0.041, 15.8, 0.328), neg: 27 (%0.009:%0.02), avgs: 0
280: dt: 0.20, sse: 23741.6 (0.041, 15.8, 0.328), neg: 26 (%0.005:%0.02), avgs: 0
281: dt: 1.14, sse: 23730.2 (0.041, 15.8, 0.328), neg: 24 (%0.004:%0.01), avgs: 0
282: dt: 3.26, sse: 23702.4 (0.041, 15.8, 0.328), neg: 29 (%0.013:%0.03), avgs: 0
283: dt: 0.17, sse: 23694.5 (0.040, 15.8, 0.328), neg: 26 (%0.006:%0.02), avgs: 0
284: dt: 0.72, sse: 23686.0 (0.040, 15.8, 0.328), neg: 25 (%0.003:%0.02), avgs: 0
285: dt: 3.26, sse: 23650.6 (0.040, 15.8, 0.328), neg: 28 (%0.010:%0.02), avgs: 0
286: dt: 0.22, sse: 23645.1 (0.040, 15.8, 0.327), neg: 28 (%0.005:%0.02), avgs: 0
287: dt: 1.36, sse: 23637.1 (0.040, 15.8, 0.327), neg: 30 (%0.006:%0.02), avgs: 0
288: dt: 1.28, sse: 23624.6 (0.040, 15.8, 0.327), neg: 28 (%0.004:%0.02), avgs: 0
289: dt: 0.29, sse: 23622.2 (0.040, 15.8, 0.327), neg: 24 (%0.003:%0.02), avgs: 0
pass 0: epoch 1 of 3 starting distance error %30.81
tol=2.0e-01, sigma=0.0, host=unkno, nav=1024, nbrs=3, l_nlarea=1.000, l_dist=0.100
using quadratic fit line minimization
nlarea/dist = 10.000
290: dt: 3140.27, sse: 23520.0 (0.039, 15.8, 0.327), neg: 24 (%0.003:%0.02), avgs: 1024
291: dt: 1210.18, sse: 23516.8 (0.039, 15.8, 0.327), neg: 24 (%0.003:%0.02), avgs: 1024
292: dt: 846.51, sse: 23495.0 (0.039, 15.8, 0.326), neg: 24 (%0.003:%0.02), avgs: 256
293: dt: 384.00, sse: 23473.9 (0.039, 15.8, 0.326), neg: 25 (%0.003:%0.02), avgs: 64
294: dt: 149.01, sse: 23469.2 (0.039, 15.8, 0.326), neg: 25 (%0.003:%0.02), avgs: 64
295: dt: 56.00, sse: 23467.7 (0.039, 15.8, 0.326), neg: 25 (%0.003:%0.02), avgs: 16
296: dt: 12.68, sse: 23466.3 (0.039, 15.8, 0.326), neg: 26 (%0.002:%0.02), avgs: 4
297: dt: 8.44, sse: 23457.5 (0.039, 15.8, 0.326), neg: 26 (%0.003:%0.02), avgs: 1
298: dt: 0.00, sse: 23457.5 (0.039, 15.8, 0.326), neg: 25 (%0.003:%0.02), avgs: 1
299: dt: 1.21, sse: 23453.0 (0.039, 15.8, 0.326), neg: 25 (%0.003:%0.02), avgs: 0
300: dt: 2.17, sse: 23443.6 (0.039, 15.8, 0.326), neg: 26 (%0.007:%0.02), avgs: 0
301: dt: 0.20, sse: 23441.5 (0.039, 15.8, 0.326), neg: 26 (%0.004:%0.02), avgs: 0
302: dt: 0.26, sse: 23440.8 (0.039, 15.8, 0.326), neg: 25 (%0.003:%0.02), avgs: 0
pass 0: epoch 2 of 3 starting distance error %30.75
tol=2.0e-01, sigma=0.0, host=unkno, nav=1024, nbrs=3, l_nlarea=1.000, l_dist=1.000
using quadratic fit line minimization
nlarea/dist = 1.000
303: dt: 64.00, sse: 231631.7 (0.040, 15.8, 0.326), neg: 25 (%0.003:%0.02), avgs: 1024
304: dt: 12.83, sse: 231562.8 (0.040, 15.8, 0.326), neg: 25 (%0.003:%0.02), avgs: 256
305: dt: 10.21, sse: 231446.8 (0.040, 15.8, 0.326), neg: 24 (%0.003:%0.02), avgs: 64
306: dt: 6.12, sse: 231377.8 (0.040, 15.8, 0.326), neg: 24 (%0.003:%0.02), avgs: 16
307: dt: 14.00, sse: 231330.0 (0.041, 15.8, 0.326), neg: 26 (%0.003:%0.02), avgs: 16
308: dt: 6.60, sse: 231115.3 (0.041, 15.8, 0.326), neg: 28 (%0.003:%0.02), avgs: 4
309: dt: 5.40, sse: 231026.5 (0.041, 15.8, 0.326), neg: 30 (%0.003:%0.02), avgs: 4
310: dt: 0.94, sse: 231005.6 (0.041, 15.8, 0.326), neg: 30 (%0.003:%0.02), avgs: 4
311: dt: 0.55, sse: 230971.3 (0.041, 15.8, 0.326), neg: 29 (%0.003:%0.02), avgs: 1
312: dt: 0.57, sse: 230960.2 (0.041, 15.8, 0.326), neg: 29 (%0.003:%0.02), avgs: 1
313: dt: 1.67, sse: 230326.5 (0.043, 15.8, 0.325), neg: 29 (%0.006:%0.02), avgs: 0
314: dt: 0.42, sse: 230284.5 (0.043, 15.8, 0.325), neg: 26 (%0.005:%0.02), avgs: 0
315: dt: 0.08, sse: 230283.3 (0.043, 15.8, 0.325), neg: 26 (%0.004:%0.02), avgs: 0
pass 0: epoch 3 of 3 starting distance error %30.73
tol=2.0e-01, sigma=0.0, host=unkno, nav=1024, nbrs=3, l_nlarea=0.100, l_dist=1.000
using quadratic fit line minimization
nlarea/dist = 0.100
316: dt: 0.00, sse: 230003.4 (0.043, 15.8, 0.325), neg: 26 (%0.004:%0.02), avgs: 1024
317: dt: 0.00, sse: 230003.4 (0.043, 15.8, 0.325), neg: 26 (%0.004:%0.02), avgs: 256
318: dt: 0.00, sse: 230003.4 (0.043, 15.8, 0.325), neg: 26 (%0.004:%0.02), avgs: 64
319: dt: 0.00, sse: 230003.4 (0.043, 15.8, 0.325), neg: 26 (%0.004:%0.02), avgs: 16
320: dt: 0.50, sse: 230003.2 (0.043, 15.8, 0.325), neg: 26 (%0.004:%0.02), avgs: 4
321: dt: 0.89, sse: 229996.6 (0.043, 15.8, 0.325), neg: 26 (%0.004:%0.02), avgs: 1
322: dt: 0.47, sse: 229977.7 (0.043, 15.8, 0.325), neg: 26 (%0.004:%0.02), avgs: 0
323: dt: 0.57, sse: 229971.5 (0.044, 15.8, 0.325), neg: 25 (%0.004:%0.02), avgs: 0
starting distance error %30.73
smoothing final surface...
324: dt: 0.50, sse: 18009728.0 (0.040, 15.8, 0.325), neg: 22 (%0.006:%0.02), avgs: 0
325: dt: 0.50, sse: 18009724.0 (0.039, 15.8, 0.326), neg: 22 (%0.007:%0.02), avgs: 0
unfolding took 0.06 hours
325: dt: 0.00, sse: 18009724.0 (0.039, 15.8, 0.326), neg: 22 (%0.007:%0.02), avgs: 0
final distance error %30.75
