tol=2.0e-01, sigma=0.0, host=unkno, nav=1024, nbrs=2, l_nlarea=1.000, l_dist=1.000
using quadratic fit line minimization
3: 12 | 4: 12 | 5: 12 | 6: 12 | 7: 12 | 
nlarea/dist = 1000000.000
000: dt: 0.00, sse: 756.5 (1.575, 15.9, 5.363), neg: 1502 (%0.998:%3.82), avgs: 1024
001: dt: 239.45, sse: 584.7 (1.560, 15.9, 5.343), neg: 1738 (%0.650:%4.70), avgs: 1024
002: dt: 237.37, sse: 540.9 (1.543, 15.9, 5.326), neg: 1552 (%0.508:%4.12), avgs: 1024
003: dt: 581.92, sse: 461.5 (1.513, 15.9, 5.296), neg: 1909 (%0.394:%5.19), avgs: 1024
004: dt: 509.78, sse: 324.3 (1.478, 15.9, 5.268), neg: 839 (%0.285:%2.25), avgs: 1024
005: dt: 79.54, sse: 322.1 (1.476, 15.9, 5.266), neg: 909 (%0.267:%2.43), avgs: 1024
006: dt: 7.45, sse: 322.0 (1.476, 15.9, 5.266), neg: 914 (%0.265:%2.45), avgs: 1024
007: dt: 58.71, sse: 264.5 (1.474, 15.9, 5.266), neg: 707 (%0.169:%1.85), avgs: 256
008: dt: 17.10, sse: 260.0 (1.474, 15.9, 5.266), neg: 571 (%0.144:%1.45), avgs: 256
009: dt: 0.00, sse: 260.0 (1.474, 15.9, 5.266), neg: 569 (%0.144:%1.45), avgs: 256
010: dt: 10.98, sse: 234.6 (1.473, 15.9, 5.265), neg: 417 (%0.090:%1.21), avgs: 64
011: dt: 5.91, sse: 227.5 (1.473, 15.9, 5.265), neg: 237 (%0.079:%0.58), avgs: 64
012: dt: 1.40, sse: 227.4 (1.473, 15.9, 5.265), neg: 212 (%0.078:%0.51), avgs: 64
013: dt: 2.16, sse: 208.5 (1.473, 15.9, 5.265), neg: 197 (%0.045:%0.50), avgs: 16
014: dt: 2.08, sse: 202.5 (1.473, 15.9, 5.265), neg: 157 (%0.034:%0.40), avgs: 16
015: dt: 1.42, sse: 200.5 (1.473, 15.9, 5.265), neg: 118 (%0.032:%0.27), avgs: 16
016: dt: 4.96, sse: 196.9 (1.472, 15.9, 5.265), neg: 149 (%0.028:%0.39), avgs: 16
017: dt: 1.00, sse: 195.0 (1.472, 15.9, 5.265), neg: 108 (%0.027:%0.25), avgs: 16
018: dt: 20.58, sse: 186.8 (1.472, 15.9, 5.265), neg: 154 (%0.022:%0.37), avgs: 16
019: dt: 1.48, sse: 183.4 (1.472, 15.9, 5.265), neg: 80 (%0.016:%0.17), avgs: 16
020: dt: 2.40, sse: 182.9 (1.472, 15.9, 5.265), neg: 81 (%0.016:%0.17), avgs: 16
021: dt: 13.45, sse: 179.8 (1.472, 15.9, 5.265), neg: 71 (%0.014:%0.15), avgs: 16
022: dt: 1.22, sse: 178.3 (1.472, 15.9, 5.265), neg: 68 (%0.013:%0.14), avgs: 16
023: dt: 1.86, sse: 178.1 (1.472, 15.9, 5.265), neg: 67 (%0.013:%0.14), avgs: 16
024: dt: 30.10, sse: 174.9 (1.471, 15.9, 5.265), neg: 70 (%0.012:%0.14), avgs: 16
025: dt: 2.87, sse: 172.7 (1.471, 15.9, 5.265), neg: 55 (%0.010:%0.10), avgs: 16
026: dt: 2.46, sse: 172.2 (1.471, 15.9, 5.265), neg: 55 (%0.010:%0.10), avgs: 16
027: dt: 3.08, sse: 171.9 (1.471, 15.9, 5.265), neg: 55 (%0.010:%0.10), avgs: 16
028: dt: 6.94, sse: 171.3 (1.471, 15.9, 5.265), neg: 55 (%0.010:%0.10), avgs: 16
029: dt: 1.59, sse: 171.0 (1.471, 15.9, 5.265), neg: 53 (%0.010:%0.10), avgs: 16
030: dt: 60.65, sse: 168.5 (1.471, 15.9, 5.266), neg: 56 (%0.009:%0.10), avgs: 16
031: dt: 2.23, sse: 167.2 (1.471, 15.9, 5.266), neg: 53 (%0.009:%0.09), avgs: 16
032: dt: 1.16, sse: 167.2 (1.471, 15.9, 5.266), neg: 53 (%0.009:%0.09), avgs: 16
033: dt: 1.63, sse: 164.5 (1.471, 15.9, 5.266), neg: 37 (%0.005:%0.06), avgs: 4
034: dt: 0.53, sse: 163.6 (1.471, 15.9, 5.266), neg: 35 (%0.005:%0.06), avgs: 4
035: dt: 0.72, sse: 163.0 (1.471, 15.9, 5.266), neg: 36 (%0.004:%0.05), avgs: 4
036: dt: 0.48, sse: 162.5 (1.471, 15.9, 5.266), neg: 35 (%0.004:%0.05), avgs: 4
037: dt: 0.88, sse: 162.0 (1.471, 15.9, 5.266), neg: 34 (%0.004:%0.05), avgs: 4
038: dt: 0.44, sse: 161.7 (1.471, 15.9, 5.266), neg: 33 (%0.003:%0.05), avgs: 4
039: dt: 1.08, sse: 161.2 (1.471, 15.9, 5.266), neg: 32 (%0.003:%0.05), avgs: 4
040: dt: 0.33, sse: 160.9 (1.471, 15.9, 5.266), neg: 27 (%0.003:%0.04), avgs: 4
041: dt: 5.64, sse: 159.4 (1.471, 15.9, 5.266), neg: 31 (%0.002:%0.05), avgs: 4
042: dt: 0.26, sse: 158.5 (1.471, 15.9, 5.266), neg: 19 (%0.002:%0.02), avgs: 4
043: dt: 3.42, sse: 157.9 (1.471, 15.9, 5.266), neg: 19 (%0.001:%0.02), avgs: 4
044: dt: 0.39, sse: 157.4 (1.471, 15.9, 5.266), neg: 19 (%0.001:%0.02), avgs: 4
045: dt: 1.70, sse: 157.1 (1.471, 15.9, 5.266), neg: 18 (%0.001:%0.02), avgs: 4
046: dt: 0.45, sse: 156.8 (1.471, 15.9, 5.266), neg: 19 (%0.001:%0.02), avgs: 4
047: dt: 1.27, sse: 156.6 (1.471, 15.9, 5.266), neg: 18 (%0.001:%0.02), avgs: 4
048: dt: 0.18, sse: 156.5 (1.471, 15.9, 5.266), neg: 18 (%0.001:%0.02), avgs: 4
049: dt: 0.85, sse: 156.3 (1.471, 15.9, 5.266), neg: 19 (%0.001:%0.02), avgs: 4
050: dt: 0.58, sse: 156.2 (1.471, 15.9, 5.266), neg: 18 (%0.001:%0.02), avgs: 4
051: dt: 0.87, sse: 156.0 (1.471, 15.9, 5.266), neg: 18 (%0.001:%0.02), avgs: 4
052: dt: 0.53, sse: 155.9 (1.471, 15.9, 5.266), neg: 16 (%0.001:%0.02), avgs: 4
053: dt: 0.96, sse: 155.8 (1.471, 15.9, 5.266), neg: 17 (%0.001:%0.02), avgs: 4
054: dt: 0.49, sse: 155.6 (1.471, 15.9, 5.266), neg: 16 (%0.001:%0.02), avgs: 4
055: dt: 1.07, sse: 155.5 (1.471, 15.9, 5.266), neg: 17 (%0.001:%0.02), avgs: 4
056: dt: 0.38, sse: 155.3 (1.471, 15.9, 5.266), neg: 16 (%0.001:%0.02), avgs: 4
057: dt: 6.02, sse: 154.8 (1.471, 15.9, 5.266), neg: 18 (%0.001:%0.02), avgs: 4
058: dt: 0.26, sse: 154.3 (1.471, 15.9, 5.266), neg: 17 (%0.001:%0.02), avgs: 4
059: dt: 1.12, sse: 154.2 (1.471, 15.9, 5.266), neg: 16 (%0.001:%0.02), avgs: 4
060: dt: 0.54, sse: 154.1 (1.471, 15.9, 5.266), neg: 17 (%0.001:%0.02), avgs: 4
061: dt: 0.59, sse: 154.0 (1.471, 15.9, 5.266), neg: 16 (%0.001:%0.02), avgs: 4
062: dt: 1.14, sse: 153.9 (1.472, 15.9, 5.266), neg: 17 (%0.001:%0.02), avgs: 4
063: dt: 0.00, sse: 153.9 (1.472, 15.9, 5.266), neg: 17 (%0.001:%0.02), avgs: 1
064: dt: 0.12, sse: 153.6 (1.472, 15.9, 5.266), neg: 16 (%0.001:%0.02), avgs: 0
065: dt: 0.04, sse: 153.2 (1.472, 15.9, 5.266), neg: 14 (%0.001:%0.01), avgs: 0
066: dt: 0.05, sse: 153.2 (1.472, 15.9, 5.266), neg: 14 (%0.001:%0.01), avgs: 0
067: dt: 0.01, sse: 153.2 (1.472, 15.9, 5.266), neg: 14 (%0.001:%0.01), avgs: 0
nlarea/dist = 100000.000
068: dt: 2918.61, sse: 626.0 (1.459, 15.9, 5.253), neg: 15 (%0.001:%0.02), avgs: 1024
069: dt: 1940.84, sse: 623.6 (1.455, 15.9, 5.249), neg: 15 (%0.001:%0.02), avgs: 1024
070: dt: 1016.91, sse: 616.4 (1.453, 15.9, 5.248), neg: 14 (%0.001:%0.01), avgs: 256
071: dt: 0.00, sse: 616.4 (1.453, 15.9, 5.248), neg: 14 (%0.001:%0.01), avgs: 256
072: dt: 0.00, sse: 616.4 (1.453, 15.9, 5.248), neg: 14 (%0.001:%0.01), avgs: 64
073: dt: 0.00, sse: 616.4 (1.453, 15.9, 5.248), neg: 14 (%0.001:%0.01), avgs: 16
074: dt: 0.00, sse: 616.4 (1.453, 15.9, 5.248), neg: 14 (%0.001:%0.01), avgs: 4
075: dt: 0.00, sse: 616.4 (1.453, 15.9, 5.248), neg: 14 (%0.001:%0.01), avgs: 1
076: dt: 0.00, sse: 616.4 (1.453, 15.9, 5.248), neg: 14 (%0.001:%0.01), avgs: 0
nlarea/dist = 1000.000
077: dt: 171128.80, sse: 32866.0 (0.890, 15.9, 3.614), neg: 8672 (%16.121:%23.28), avgs: 1024
078: dt: 190.87, sse: 25803.4 (0.701, 15.9, 3.479), neg: 1455 (%0.718:%3.82), avgs: 1024
079: dt: 931.12, sse: 24913.4 (0.649, 15.9, 3.437), neg: 114 (%0.028:%0.25), avgs: 1024
080: dt: 7994.60, sse: 24005.8 (0.627, 15.9, 3.372), neg: 699 (%0.082:%1.86), avgs: 1024
081: dt: 1069.10, sse: 23692.1 (0.621, 15.9, 3.358), neg: 32 (%0.006:%0.03), avgs: 1024
082: dt: 42581.36, sse: 21051.1 (0.568, 15.9, 3.140), neg: 1526 (%0.376:%4.02), avgs: 1024
083: dt: 689.33, sse: 20646.8 (0.552, 15.9, 3.130), neg: 40 (%0.006:%0.05), avgs: 1024
084: dt: 17011.85, sse: 19760.8 (0.564, 15.9, 3.062), neg: 53 (%0.010:%0.06), avgs: 1024
085: dt: 7269.14, sse: 19521.8 (0.561, 15.9, 3.047), neg: 38 (%0.006:%0.04), avgs: 1024
086: dt: 64420.68, sse: 16699.1 (0.455, 15.9, 2.724), neg: 4578 (%4.098:%11.73), avgs: 1024
087: dt: 327.41, sse: 15525.0 (0.413, 15.9, 2.701), neg: 49 (%0.014:%0.06), avgs: 1024
088: dt: 5863.82, sse: 15202.3 (0.413, 15.9, 2.678), neg: 96 (%0.036:%0.13), avgs: 1024
089: dt: 3073.15, sse: 15130.1 (0.403, 15.9, 2.670), neg: 68 (%0.026:%0.09), avgs: 1024
090: dt: 177.37, sse: 15120.9 (0.400, 15.9, 2.670), neg: 65 (%0.027:%0.08), avgs: 256
091: dt: 112.41, sse: 15103.9 (0.397, 15.9, 2.668), neg: 67 (%0.023:%0.08), avgs: 64
092: dt: 16.98, sse: 15087.8 (0.396, 15.9, 2.667), neg: 40 (%0.016:%0.05), avgs: 16
093: dt: 13.36, sse: 15082.9 (0.395, 15.9, 2.667), neg: 48 (%0.016:%0.06), avgs: 16
094: dt: 0.85, sse: 15080.6 (0.395, 15.9, 2.667), neg: 40 (%0.010:%0.05), avgs: 4
095: dt: 0.33, sse: 15080.4 (0.395, 15.9, 2.667), neg: 44 (%0.012:%0.06), avgs: 1
096: dt: 0.12, sse: 15078.3 (0.395, 15.9, 2.667), neg: 30 (%0.005:%0.04), avgs: 0
nlarea/dist = 100.000
097: dt: 33275.04, sse: 82165.7 (0.398, 15.9, 1.969), neg: 4284 (%3.133:%11.13), avgs: 1024
098: dt: 322.29, sse: 80001.5 (0.367, 15.9, 1.949), neg: 262 (%0.049:%0.56), avgs: 1024
099: dt: 4812.17, sse: 71243.3 (0.339, 15.9, 1.842), neg: 28 (%0.010:%0.04), avgs: 1024
100: dt: 11148.26, sse: 56883.0 (0.265, 15.9, 1.643), neg: 99 (%0.022:%0.20), avgs: 1024
101: dt: 3336.26, sse: 54125.9 (0.256, 15.9, 1.605), neg: 28 (%0.009:%0.04), avgs: 1024
102: dt: 38826.39, sse: 37398.1 (0.273, 15.9, 1.318), neg: 3418 (%3.681:%8.93), avgs: 1024
103: dt: 436.27, sse: 34981.5 (0.224, 15.9, 1.284), neg: 31 (%0.030:%0.05), avgs: 1024
104: dt: 3995.02, sse: 31064.5 (0.202, 15.9, 1.213), neg: 29 (%0.020:%0.04), avgs: 1024
105: dt: 16940.79, sse: 27419.6 (0.199, 15.9, 1.138), neg: 32 (%0.023:%0.05), avgs: 1024
106: dt: 9695.50, sse: 24813.2 (0.182, 15.9, 1.083), neg: 38 (%0.029:%0.07), avgs: 1024
107: dt: 7388.23, sse: 24089.5 (0.184, 15.9, 1.067), neg: 36 (%0.023:%0.06), avgs: 1024
108: dt: 26439.33, sse: 21460.8 (0.167, 15.9, 1.004), neg: 57 (%0.064:%0.13), avgs: 1024
109: dt: 1892.79, sse: 20950.6 (0.169, 15.9, 0.993), neg: 41 (%0.033:%0.07), avgs: 1024
110: dt: 9228.59, sse: 20642.1 (0.170, 15.9, 0.986), neg: 40 (%0.030:%0.07), avgs: 1024
111: dt: 23916.68, sse: 19578.4 (0.160, 15.9, 0.959), neg: 46 (%0.041:%0.09), avgs: 1024
112: dt: 2461.81, sse: 19367.3 (0.162, 15.9, 0.954), neg: 39 (%0.032:%0.07), avgs: 1024
113: dt: 6635.59, sse: 19270.7 (0.163, 15.9, 0.952), neg: 40 (%0.032:%0.08), avgs: 1024
114: dt: 47120.21, sse: 18490.2 (0.155, 15.9, 0.931), neg: 47 (%0.040:%0.09), avgs: 1024
115: dt: 2662.40, sse: 18405.6 (0.158, 15.9, 0.930), neg: 41 (%0.032:%0.07), avgs: 1024
116: dt: 4443.97, sse: 15083.5 (0.134, 15.9, 0.841), neg: 37 (%0.025:%0.06), avgs: 256
117: dt: 2915.63, sse: 13379.7 (0.132, 15.9, 0.790), neg: 38 (%0.028:%0.07), avgs: 256
118: dt: 1347.40, sse: 13022.5 (0.129, 15.9, 0.780), neg: 33 (%0.018:%0.05), avgs: 256
119: dt: 7347.93, sse: 12063.1 (0.123, 15.9, 0.749), neg: 132 (%0.155:%0.31), avgs: 256
120: dt: 359.52, sse: 11826.9 (0.119, 15.9, 0.742), neg: 34 (%0.019:%0.06), avgs: 256
121: dt: 2654.88, sse: 11372.8 (0.121, 15.9, 0.727), neg: 39 (%0.021:%0.07), avgs: 256
122: dt: 850.00, sse: 11321.4 (0.120, 15.9, 0.726), neg: 33 (%0.016:%0.05), avgs: 256
123: dt: 4001.32, sse: 11037.7 (0.121, 15.9, 0.716), neg: 39 (%0.025:%0.07), avgs: 256
124: dt: 781.82, sse: 10969.5 (0.119, 15.9, 0.714), neg: 34 (%0.017:%0.06), avgs: 256
125: dt: 3107.18, sse: 10817.5 (0.119, 15.9, 0.709), neg: 43 (%0.021:%0.08), avgs: 256
126: dt: 934.96, sse: 10710.3 (0.119, 15.9, 0.705), neg: 32 (%0.017:%0.05), avgs: 256
127: dt: 2695.95, sse: 10632.5 (0.118, 15.9, 0.703), neg: 32 (%0.015:%0.05), avgs: 256
128: dt: 1921.00, sse: 10494.1 (0.119, 15.9, 0.698), neg: 35 (%0.019:%0.06), avgs: 256
129: dt: 1027.57, sse: 10457.5 (0.118, 15.9, 0.697), neg: 32 (%0.014:%0.05), avgs: 256
130: dt: 11968.45, sse: 10121.4 (0.121, 15.9, 0.685), neg: 121 (%0.156:%0.28), avgs: 256
131: dt: 340.15, sse: 9916.3 (0.116, 15.9, 0.678), neg: 29 (%0.017:%0.04), avgs: 256
132: dt: 0.00, sse: 9916.3 (0.116, 15.9, 0.678), neg: 29 (%0.017:%0.04), avgs: 256
133: dt: 994.64, sse: 8516.7 (0.102, 15.9, 0.627), neg: 38 (%0.018:%0.06), avgs: 64
134: dt: 337.64, sse: 7951.4 (0.099, 15.9, 0.605), neg: 34 (%0.014:%0.05), avgs: 64
135: dt: 534.52, sse: 7548.6 (0.093, 15.9, 0.589), neg: 33 (%0.011:%0.05), avgs: 64
136: dt: 424.99, sse: 7339.6 (0.092, 15.9, 0.581), neg: 23 (%0.007:%0.02), avgs: 64
137: dt: 1226.88, sse: 7027.0 (0.090, 15.9, 0.567), neg: 80 (%0.035:%0.18), avgs: 64
138: dt: 46.70, sse: 6937.4 (0.088, 15.9, 0.564), neg: 29 (%0.010:%0.04), avgs: 64
139: dt: 363.42, sse: 6828.1 (0.087, 15.9, 0.559), neg: 21 (%0.007:%0.02), avgs: 64
140: dt: 1280.11, sse: 6694.6 (0.087, 15.9, 0.553), neg: 42 (%0.019:%0.08), avgs: 64
141: dt: 167.18, sse: 6603.1 (0.086, 15.9, 0.550), neg: 23 (%0.007:%0.03), avgs: 64
142: dt: 596.51, sse: 6539.3 (0.084, 15.9, 0.547), neg: 26 (%0.008:%0.03), avgs: 64
143: dt: 1309.96, sse: 6438.3 (0.084, 15.9, 0.542), neg: 24 (%0.006:%0.02), avgs: 64
144: dt: 483.90, sse: 6367.5 (0.083, 15.9, 0.539), neg: 25 (%0.007:%0.03), avgs: 64
145: dt: 2286.46, sse: 6239.0 (0.082, 15.9, 0.534), neg: 26 (%0.007:%0.03), avgs: 64
146: dt: 262.58, sse: 6182.9 (0.081, 15.9, 0.531), neg: 27 (%0.006:%0.03), avgs: 64
147: dt: 776.38, sse: 6162.1 (0.081, 15.9, 0.530), neg: 27 (%0.007:%0.03), avgs: 64
148: dt: 743.72, sse: 6134.9 (0.080, 15.9, 0.529), neg: 27 (%0.008:%0.03), avgs: 64
149: dt: 382.12, sse: 6116.1 (0.080, 15.9, 0.528), neg: 26 (%0.006:%0.03), avgs: 64
150: dt: 972.80, sse: 6104.4 (0.080, 15.9, 0.528), neg: 28 (%0.010:%0.03), avgs: 64
151: dt: 218.98, sse: 6083.1 (0.080, 15.9, 0.527), neg: 26 (%0.007:%0.03), avgs: 64
152: dt: 1445.49, sse: 6055.9 (0.079, 15.9, 0.525), neg: 30 (%0.012:%0.04), avgs: 64
153: dt: 164.08, sse: 6034.3 (0.079, 15.9, 0.525), neg: 25 (%0.006:%0.03), avgs: 64
154: dt: 256.60, sse: 6029.1 (0.079, 15.9, 0.524), neg: 25 (%0.006:%0.03), avgs: 64
155: dt: 492.63, sse: 5578.5 (0.069, 15.9, 0.503), neg: 32 (%0.008:%0.04), avgs: 16
156: dt: 76.64, sse: 5486.4 (0.067, 15.9, 0.499), neg: 22 (%0.005:%0.02), avgs: 16
157: dt: 201.73, sse: 5366.1 (0.065, 15.9, 0.493), neg: 17 (%0.003:%0.01), avgs: 16
158: dt: 159.22, sse: 5295.0 (0.063, 15.9, 0.490), neg: 17 (%0.003:%0.01), avgs: 16
159: dt: 179.01, sse: 5246.1 (0.062, 15.9, 0.488), neg: 17 (%0.003:%0.01), avgs: 16
160: dt: 252.34, sse: 5197.4 (0.061, 15.9, 0.485), neg: 16 (%0.003:%0.01), avgs: 16
161: dt: 134.11, sse: 5164.2 (0.061, 15.9, 0.484), neg: 16 (%0.003:%0.01), avgs: 16
162: dt: 404.73, sse: 5123.6 (0.060, 15.9, 0.481), neg: 16 (%0.003:%0.01), avgs: 16
163: dt: 100.17, sse: 5092.6 (0.059, 15.9, 0.480), neg: 16 (%0.003:%0.01), avgs: 16
164: dt: 791.01, sse: 5044.1 (0.058, 15.9, 0.478), neg: 15 (%0.003:%0.01), avgs: 16
165: dt: 81.85, sse: 5015.7 (0.057, 15.9, 0.476), neg: 15 (%0.003:%0.01), avgs: 16
166: dt: 599.77, sse: 4991.8 (0.057, 15.9, 0.475), neg: 15 (%0.002:%0.01), avgs: 16
167: dt: 107.40, sse: 4974.4 (0.056, 15.9, 0.474), neg: 15 (%0.002:%0.01), avgs: 16
168: dt: 299.16, sse: 4958.9 (0.056, 15.9, 0.473), neg: 15 (%0.002:%0.01), avgs: 16
169: dt: 165.61, sse: 4947.5 (0.056, 15.9, 0.473), neg: 15 (%0.002:%0.01), avgs: 16
170: dt: 295.02, sse: 4935.6 (0.056, 15.9, 0.472), neg: 15 (%0.002:%0.01), avgs: 16
171: dt: 125.70, sse: 4923.4 (0.056, 15.9, 0.472), neg: 15 (%0.002:%0.01), avgs: 16
172: dt: 416.68, sse: 4912.1 (0.056, 15.9, 0.471), neg: 16 (%0.004:%0.02), avgs: 16
173: dt: 49.73, sse: 4901.0 (0.055, 15.9, 0.470), neg: 14 (%0.002:%0.01), avgs: 16
174: dt: 208.49, sse: 4892.1 (0.055, 15.9, 0.470), neg: 14 (%0.002:%0.01), avgs: 16
175: dt: 337.45, sse: 4878.1 (0.055, 15.9, 0.469), neg: 14 (%0.002:%0.01), avgs: 16
176: dt: 145.04, sse: 4865.8 (0.055, 15.9, 0.469), neg: 13 (%0.002:%0.01), avgs: 16
177: dt: 334.00, sse: 4853.4 (0.055, 15.9, 0.468), neg: 13 (%0.002:%0.01), avgs: 16
178: dt: 122.85, sse: 4842.4 (0.054, 15.9, 0.468), neg: 13 (%0.002:%0.01), avgs: 16
179: dt: 819.20, sse: 4824.2 (0.055, 15.9, 0.467), neg: 13 (%0.002:%0.01), avgs: 16
180: dt: 80.86, sse: 4800.4 (0.054, 15.9, 0.465), neg: 13 (%0.002:%0.01), avgs: 16
181: dt: 845.79, sse: 4778.8 (0.054, 15.9, 0.464), neg: 14 (%0.004:%0.01), avgs: 16
182: dt: 51.29, sse: 4764.5 (0.053, 15.9, 0.464), neg: 13 (%0.002:%0.01), avgs: 16
183: dt: 165.44, sse: 4757.2 (0.053, 15.9, 0.463), neg: 13 (%0.002:%0.01), avgs: 16
184: dt: 553.14, sse: 4741.6 (0.053, 15.9, 0.462), neg: 12 (%0.002:%0.01), avgs: 16
185: dt: 49.07, sse: 4718.3 (0.052, 15.9, 0.461), neg: 17 (%0.006:%0.01), avgs: 4
186: dt: 49.48, sse: 4686.7 (0.052, 15.9, 0.460), neg: 19 (%0.013:%0.02), avgs: 4
187: dt: 14.27, sse: 4674.1 (0.050, 15.9, 0.459), neg: 14 (%0.006:%0.01), avgs: 4
188: dt: 32.69, sse: 4652.5 (0.050, 15.9, 0.458), neg: 24 (%0.018:%0.03), avgs: 4
189: dt: 7.11, sse: 4645.5 (0.049, 15.9, 0.458), neg: 16 (%0.003:%0.01), avgs: 4
190: dt: 133.89, sse: 4584.8 (0.049, 15.9, 0.454), neg: 46 (%0.052:%0.06), avgs: 4
191: dt: 5.79, sse: 4567.4 (0.047, 15.9, 0.453), neg: 18 (%0.007:%0.02), avgs: 4
192: dt: 13.93, sse: 4553.5 (0.046, 15.9, 0.453), neg: 16 (%0.005:%0.01), avgs: 4
193: dt: 8.30, sse: 4548.7 (0.046, 15.9, 0.453), neg: 14 (%0.003:%0.01), avgs: 4
194: dt: 179.32, sse: 4493.9 (0.047, 15.9, 0.449), neg: 25 (%0.027:%0.03), avgs: 4
195: dt: 3.86, sse: 4485.1 (0.045, 15.9, 0.449), neg: 18 (%0.007:%0.02), avgs: 4
196: dt: 27.61, sse: 4470.2 (0.044, 15.9, 0.448), neg: 17 (%0.006:%0.02), avgs: 4
197: dt: 21.52, sse: 4454.0 (0.044, 15.9, 0.448), neg: 18 (%0.005:%0.01), avgs: 4
198: dt: 36.31, sse: 4443.3 (0.044, 15.9, 0.447), neg: 17 (%0.012:%0.01), avgs: 4
199: dt: 10.41, sse: 4436.5 (0.043, 15.9, 0.447), neg: 18 (%0.003:%0.01), avgs: 4
200: dt: 40.31, sse: 4423.2 (0.044, 15.9, 0.446), neg: 16 (%0.011:%0.01), avgs: 4
201: dt: 9.28, sse: 4418.5 (0.043, 15.9, 0.446), neg: 14 (%0.002:%0.01), avgs: 4
202: dt: 320.49, sse: 4368.6 (0.047, 15.9, 0.443), neg: 53 (%0.066:%0.08), avgs: 4
203: dt: 3.79, sse: 4349.1 (0.042, 15.9, 0.442), neg: 17 (%0.008:%0.01), avgs: 4
204: dt: 22.96, sse: 4342.8 (0.041, 15.9, 0.442), neg: 15 (%0.007:%0.01), avgs: 4
205: dt: 9.87, sse: 4338.9 (0.041, 15.9, 0.441), neg: 15 (%0.002:%0.01), avgs: 4
206: dt: 107.10, sse: 4324.2 (0.042, 15.9, 0.440), neg: 23 (%0.019:%0.02), avgs: 4
207: dt: 5.18, sse: 4319.0 (0.041, 15.9, 0.440), neg: 13 (%0.003:%0.01), avgs: 4
208: dt: 19.84, sse: 4315.4 (0.041, 15.9, 0.440), neg: 13 (%0.002:%0.01), avgs: 4
209: dt: 129.32, sse: 4299.7 (0.042, 15.9, 0.439), neg: 24 (%0.021:%0.02), avgs: 4
210: dt: 8.44, sse: 4293.7 (0.040, 15.9, 0.439), neg: 14 (%0.004:%0.01), avgs: 4
211: dt: 65.95, sse: 4284.9 (0.041, 15.9, 0.438), neg: 15 (%0.013:%0.01), avgs: 4
212: dt: 7.76, sse: 4281.2 (0.040, 15.9, 0.438), neg: 13 (%0.004:%0.01), avgs: 4
213: dt: 72.21, sse: 4273.8 (0.040, 15.9, 0.438), neg: 20 (%0.009:%0.02), avgs: 4
214: dt: 16.89, sse: 4269.7 (0.040, 15.9, 0.438), neg: 15 (%0.003:%0.01), avgs: 4
215: dt: 7.48, sse: 4267.6 (0.040, 15.9, 0.438), neg: 21 (%0.007:%0.02), avgs: 1
216: dt: 0.00, sse: 4267.6 (0.040, 15.9, 0.438), neg: 21 (%0.007:%0.02), avgs: 1
217: dt: 1.13, sse: 4265.4 (0.040, 15.9, 0.437), neg: 17 (%0.008:%0.01), avgs: 0
218: dt: 0.77, sse: 4264.1 (0.039, 15.9, 0.437), neg: 18 (%0.004:%0.01), avgs: 0
219: dt: 2.06, sse: 4261.8 (0.039, 15.9, 0.437), neg: 16 (%0.010:%0.01), avgs: 0
220: dt: 0.38, sse: 4260.5 (0.039, 15.9, 0.437), neg: 16 (%0.003:%0.01), avgs: 0
221: dt: 4.23, sse: 4256.9 (0.038, 15.9, 0.437), neg: 17 (%0.013:%0.01), avgs: 0
222: dt: 0.24, sse: 4255.5 (0.038, 15.9, 0.437), neg: 15 (%0.007:%0.01), avgs: 0
223: dt: 0.50, sse: 4254.6 (0.038, 15.9, 0.437), neg: 17 (%0.003:%0.01), avgs: 0
224: dt: 8.00, sse: 4247.7 (0.037, 15.9, 0.436), neg: 15 (%0.014:%0.01), avgs: 0
225: dt: 0.64, sse: 4245.9 (0.037, 15.9, 0.436), neg: 15 (%0.005:%0.01), avgs: 0
226: dt: 0.41, sse: 4245.2 (0.037, 15.9, 0.436), neg: 13 (%0.002:%0.01), avgs: 0
227: dt: 6.26, sse: 4241.5 (0.037, 15.9, 0.436), neg: 15 (%0.013:%0.01), avgs: 0
228: dt: 0.54, sse: 4240.2 (0.036, 15.9, 0.436), neg: 16 (%0.005:%0.01), avgs: 0
229: dt: 1.87, sse: 4238.5 (0.036, 15.9, 0.436), neg: 16 (%0.007:%0.01), avgs: 0
230: dt: 0.37, sse: 4237.8 (0.036, 15.9, 0.436), neg: 14 (%0.003:%0.01), avgs: 0
231: dt: 5.11, sse: 4235.5 (0.036, 15.9, 0.436), neg: 20 (%0.010:%0.02), avgs: 0
232: dt: 0.35, sse: 4234.0 (0.035, 15.9, 0.436), neg: 15 (%0.005:%0.01), avgs: 0
233: dt: 2.05, sse: 4232.3 (0.035, 15.9, 0.436), neg: 17 (%0.006:%0.01), avgs: 0
234: dt: 0.44, sse: 4231.8 (0.035, 15.9, 0.436), neg: 13 (%0.002:%0.01), avgs: 0
nlarea/dist = 10.000
235: dt: 4248.87, sse: 32018.5 (0.051, 15.9, 0.389), neg: 15 (%0.002:%0.01), avgs: 1024
236: dt: 2179.58, sse: 30443.6 (0.046, 15.9, 0.380), neg: 15 (%0.002:%0.01), avgs: 1024
237: dt: 9525.76, sse: 28303.0 (0.047, 15.9, 0.366), neg: 15 (%0.003:%0.01), avgs: 1024
238: dt: 1714.53, sse: 27671.3 (0.046, 15.9, 0.362), neg: 15 (%0.003:%0.01), avgs: 1024
239: dt: 8724.81, sse: 27377.2 (0.045, 15.9, 0.360), neg: 15 (%0.003:%0.01), avgs: 1024
240: dt: 4170.02, sse: 27042.0 (0.046, 15.9, 0.358), neg: 16 (%0.003:%0.01), avgs: 1024
241: dt: 1084.83, sse: 27012.5 (0.045, 15.9, 0.357), neg: 16 (%0.003:%0.01), avgs: 1024
242: dt: 1219.73, sse: 26375.0 (0.046, 15.9, 0.353), neg: 16 (%0.003:%0.01), avgs: 256
243: dt: 713.80, sse: 26197.6 (0.046, 15.9, 0.352), neg: 15 (%0.003:%0.01), avgs: 256
244: dt: 1527.14, sse: 26037.6 (0.046, 15.9, 0.351), neg: 15 (%0.003:%0.01), avgs: 256
245: dt: 479.20, sse: 25974.0 (0.046, 15.9, 0.350), neg: 14 (%0.003:%0.01), avgs: 256
246: dt: 342.48, sse: 25657.2 (0.046, 15.9, 0.348), neg: 14 (%0.003:%0.01), avgs: 64
247: dt: 154.67, sse: 25593.1 (0.046, 15.9, 0.348), neg: 15 (%0.003:%0.01), avgs: 64
248: dt: 714.82, sse: 25516.1 (0.046, 15.9, 0.347), neg: 16 (%0.003:%0.01), avgs: 64
249: dt: 121.26, sse: 25496.3 (0.046, 15.9, 0.347), neg: 15 (%0.003:%0.01), avgs: 64
250: dt: 137.11, sse: 25345.0 (0.046, 15.9, 0.346), neg: 15 (%0.002:%0.01), avgs: 16
251: dt: 47.10, sse: 25318.3 (0.046, 15.9, 0.346), neg: 16 (%0.002:%0.01), avgs: 16
252: dt: 169.67, sse: 25290.9 (0.046, 15.9, 0.346), neg: 16 (%0.002:%0.01), avgs: 16
253: dt: 88.15, sse: 25276.2 (0.045, 15.9, 0.346), neg: 16 (%0.002:%0.01), avgs: 16
254: dt: 85.57, sse: 25077.6 (0.044, 15.9, 0.344), neg: 15 (%0.004:%0.01), avgs: 4
255: dt: 19.53, sse: 25035.9 (0.044, 15.9, 0.344), neg: 15 (%0.003:%0.01), avgs: 4
256: dt: 7.53, sse: 25030.0 (0.044, 15.9, 0.344), neg: 14 (%0.002:%0.01), avgs: 4
257: dt: 22.45, sse: 24968.1 (0.044, 15.9, 0.343), neg: 22 (%0.008:%0.02), avgs: 1
258: dt: 0.00, sse: 24968.1 (0.044, 15.9, 0.343), neg: 22 (%0.008:%0.02), avgs: 1
259: dt: 2.67, sse: 24898.2 (0.043, 15.9, 0.343), neg: 29 (%0.018:%0.03), avgs: 0
260: dt: 0.84, sse: 24869.4 (0.043, 15.9, 0.343), neg: 22 (%0.008:%0.02), avgs: 0
261: dt: 1.21, sse: 24843.1 (0.042, 15.9, 0.343), neg: 18 (%0.006:%0.02), avgs: 0
262: dt: 2.07, sse: 24815.9 (0.042, 15.9, 0.342), neg: 16 (%0.014:%0.02), avgs: 0
263: dt: 0.16, sse: 24808.5 (0.042, 15.9, 0.342), neg: 15 (%0.009:%0.01), avgs: 0
264: dt: 0.79, sse: 24797.2 (0.042, 15.9, 0.342), neg: 16 (%0.003:%0.01), avgs: 0
265: dt: 4.81, sse: 24743.6 (0.041, 15.9, 0.342), neg: 16 (%0.012:%0.02), avgs: 0
266: dt: 0.24, sse: 24737.0 (0.041, 15.9, 0.342), neg: 15 (%0.005:%0.01), avgs: 0
267: dt: 1.49, sse: 24727.3 (0.041, 15.9, 0.342), neg: 16 (%0.007:%0.01), avgs: 0
268: dt: 1.14, sse: 24718.6 (0.041, 15.9, 0.342), neg: 13 (%0.006:%0.01), avgs: 0
269: dt: 0.27, sse: 24716.3 (0.041, 15.9, 0.342), neg: 13 (%0.004:%0.01), avgs: 0
pass 0: epoch 1 of 3 starting distance error %43.59
tol=2.0e-01, sigma=0.0, host=unkno, nav=1024, nbrs=3, l_nlarea=1.000, l_dist=0.100
using quadratic fit line minimization
nlarea/dist = 10.000
270: dt: 6476.29, sse: 24622.1 (0.041, 15.9, 0.341), neg: 13 (%0.004:%0.01), avgs: 1024
271: dt: 3054.04, sse: 24559.6 (0.041, 15.9, 0.341), neg: 13 (%0.004:%0.01), avgs: 1024
272: dt: 6054.63, sse: 24487.1 (0.041, 15.9, 0.340), neg: 13 (%0.004:%0.01), avgs: 1024
273: dt: 1659.14, sse: 24465.6 (0.041, 15.9, 0.340), neg: 13 (%0.004:%0.01), avgs: 1024
274: dt: 1360.02, sse: 24450.9 (0.041, 15.9, 0.340), neg: 13 (%0.004:%0.01), avgs: 256
275: dt: 213.33, sse: 24445.3 (0.041, 15.9, 0.340), neg: 13 (%0.004:%0.01), avgs: 64
276: dt: 85.90, sse: 24442.6 (0.041, 15.9, 0.340), neg: 13 (%0.004:%0.01), avgs: 16
277: dt: 10.91, sse: 24440.1 (0.041, 15.9, 0.340), neg: 14 (%0.002:%0.01), avgs: 4
278: dt: 7.42, sse: 24436.5 (0.041, 15.9, 0.340), neg: 13 (%0.003:%0.01), avgs: 1
279: dt: 0.00, sse: 24436.5 (0.041, 15.9, 0.340), neg: 13 (%0.003:%0.01), avgs: 1
280: dt: 1.93, sse: 24430.2 (0.041, 15.9, 0.340), neg: 15 (%0.008:%0.01), avgs: 0
281: dt: 0.28, sse: 24426.4 (0.040, 15.9, 0.340), neg: 15 (%0.005:%0.01), avgs: 0
282: dt: 1.97, sse: 24419.8 (0.040, 15.9, 0.340), neg: 15 (%0.008:%0.01), avgs: 0
283: dt: 0.29, sse: 24416.7 (0.040, 15.9, 0.340), neg: 13 (%0.004:%0.01), avgs: 0
284: dt: 0.38, sse: 24415.4 (0.040, 15.9, 0.340), neg: 14 (%0.002:%0.01), avgs: 0
pass 0: epoch 2 of 3 starting distance error %43.56
tol=2.0e-01, sigma=0.0, host=unkno, nav=1024, nbrs=3, l_nlarea=1.000, l_dist=1.000
using quadratic fit line minimization
nlarea/dist = 1.000
285: dt: 120.95, sse: 241448.1 (0.041, 15.9, 0.339), neg: 14 (%0.002:%0.01), avgs: 1024
286: dt: 11.88, sse: 241408.9 (0.041, 15.9, 0.339), neg: 14 (%0.002:%0.01), avgs: 256
287: dt: 9.74, sse: 241307.7 (0.042, 15.9, 0.339), neg: 14 (%0.002:%0.01), avgs: 64
288: dt: 5.38, sse: 241253.4 (0.042, 15.9, 0.339), neg: 14 (%0.002:%0.01), avgs: 16
289: dt: 6.25, sse: 241017.0 (0.042, 15.9, 0.339), neg: 15 (%0.002:%0.01), avgs: 4
290: dt: 3.79, sse: 240953.3 (0.042, 15.9, 0.339), neg: 15 (%0.002:%0.01), avgs: 4
291: dt: 7.43, sse: 240913.2 (0.042, 15.9, 0.339), neg: 15 (%0.002:%0.01), avgs: 4
292: dt: 0.93, sse: 240891.6 (0.042, 15.9, 0.339), neg: 15 (%0.002:%0.01), avgs: 4
293: dt: 0.59, sse: 240863.6 (0.042, 15.9, 0.339), neg: 16 (%0.002:%0.01), avgs: 1
294: dt: 0.62, sse: 240856.7 (0.042, 15.9, 0.339), neg: 16 (%0.002:%0.01), avgs: 1
295: dt: 1.67, sse: 240281.3 (0.044, 15.9, 0.339), neg: 15 (%0.004:%0.01), avgs: 0
296: dt: 0.66, sse: 240272.4 (0.044, 15.9, 0.339), neg: 15 (%0.003:%0.01), avgs: 0
pass 0: epoch 3 of 3 starting distance error %43.54
tol=2.0e-01, sigma=0.0, host=unkno, nav=1024, nbrs=3, l_nlarea=0.100, l_dist=1.000
using quadratic fit line minimization
nlarea/dist = 0.100
297: dt: 0.00, sse: 240009.0 (0.044, 15.9, 0.339), neg: 15 (%0.003:%0.01), avgs: 1024
298: dt: 0.00, sse: 240009.0 (0.044, 15.9, 0.339), neg: 15 (%0.003:%0.01), avgs: 256
299: dt: 0.00, sse: 240009.0 (0.044, 15.9, 0.339), neg: 15 (%0.003:%0.01), avgs: 64
300: dt: 0.00, sse: 240009.0 (0.044, 15.9, 0.339), neg: 15 (%0.003:%0.01), avgs: 16
301: dt: 0.11, sse: 240009.0 (0.044, 15.9, 0.339), neg: 15 (%0.003:%0.01), avgs: 4
302: dt: 0.84, sse: 240004.7 (0.044, 15.9, 0.339), neg: 15 (%0.003:%0.01), avgs: 1
303: dt: 0.62, sse: 239987.8 (0.044, 15.9, 0.339), neg: 15 (%0.003:%0.01), avgs: 0
304: dt: 0.20, sse: 239986.9 (0.044, 15.9, 0.339), neg: 15 (%0.003:%0.01), avgs: 0
starting distance error %43.54
smoothing final surface...
305: dt: 0.50, sse: 30344004.0 (0.041, 15.9, 0.339), neg: 12 (%0.004:%0.01), avgs: 0
306: dt: 0.50, sse: 30344010.0 (0.040, 15.9, 0.339), neg: 12 (%0.005:%0.01), avgs: 0
unfolding took 0.06 hours
306: dt: 0.00, sse: 30344010.0 (0.040, 15.9, 0.339), neg: 12 (%0.005:%0.01), avgs: 0
final distance error %43.55
