

############################
Mon Apr 30 00:20:01 EDT 2012
/Applications/freesurfer/subjects/Woofsurfer/mri
/Applications/freesurfer/tktools/tksurfer.bin Woofsurfer lh inflated 
############################


############################
Mon Apr 30 12:22:28 EDT 2012
/Applications/freesurfer/subjects/Woofsurfer/mri
/Applications/freesurfer/tktools/tksurfer.bin Woofsurfer lh inflated 
############################


############################
Tue May  1 17:45:35 EDT 2012
/Applications/freesurfer/subjects/Woofsurfer/mri
/Applications/freesurfer/tktools/tksurfer.bin Woofsurfer lh inflated 
############################


############################
Tue May  1 17:46:01 EDT 2012
/Applications/freesurfer/subjects/Woofsurfer/mri
/Applications/freesurfer/tktools/tksurfer.bin Woofsurfer lh inflated 
############################


############################
Tue May  1 17:47:23 EDT 2012
/Applications/freesurfer/subjects/Woofsurfer/mri
/Applications/freesurfer/tktools/tksurfer.bin Woofsurfer lh inflated 
############################


############################
Thu May 17 13:15:13 EDT 2012
/Applications/freesurfer/subjects/Woofsurfer/mri
/Applications/freesurfer/tktools/tksurfer.bin bert lh inflated 
############################


############################
Thu May 17 13:16:23 EDT 2012
/Applications/freesurfer/subjects/Woofsurfer/mri
/Applications/freesurfer/tktools/tksurfer.bin Woofsurfer lh inflated 
############################


############################
Thu Jun 21 07:56:36 EDT 2012
/Applications/freesurfer/subjects/Woofsurfer/mri
/Applications/freesurfer/tktools/tksurfer.bin Woofsurfer lh inflated 
############################


############################
Thu Jun 21 08:49:50 EDT 2012
/Applications/freesurfer/subjects/Woofsurfer/mri
/Applications/freesurfer/tktools/tksurfer.bin Woofsurfer lh inflated 
############################


############################
Thu Jun 21 11:55:58 EDT 2012
/Applications/freesurfer/subjects/Woofsurfer/mri
/Applications/freesurfer/tktools/tksurfer.bin Woofsurfer lh inflated 
############################


############################
Thu Jun 21 12:00:55 EDT 2012
/Applications/freesurfer/subjects/Woofsurfer/mri
/Applications/freesurfer/tktools/tksurfer.bin Woofsurfer lh inflated 
############################


############################
Thu Jun 21 12:03:09 EDT 2012
/Applications/freesurfer/subjects/Woofsurfer/mri
/Applications/freesurfer/tktools/tksurfer.bin Woofsurfer lh inflated 
############################


############################
Fri Jun 22 09:28:41 EDT 2012
/Applications/freesurfer/subjects/Woofsurfer/mri
/Applications/freesurfer/tktools/tksurfer.bin Woofsurfer lh inflated 
############################


############################
Mon Jun 25 12:43:35 EDT 2012
/Applications/freesurfer/subjects/Woofsurfer/mri
/Applications/freesurfer/tktools/tksurfer.bin Woofsurfer lh inflated 
############################


############################
Mon Jun 25 13:14:31 EDT 2012
/Applications/freesurfer/subjects/Woofsurfer/mri
/Applications/freesurfer/tktools/tksurfer.bin Woofsurfer rh inflated 
############################


############################
Mon Jun 25 13:18:06 EDT 2012
/Applications/freesurfer/subjects/Woofsurfer/mri
/Applications/freesurfer/tktools/tksurfer.bin Woofsurfer rh inflated 
############################


############################
Mon Jun 25 13:19:00 EDT 2012
/Applications/freesurfer/subjects/Woofsurfer/mri
/Applications/freesurfer/tktools/tksurfer.bin Woofsurfer lh inflated 
############################


############################
Mon Jun 25 13:27:39 EDT 2012
/Applications/freesurfer/subjects/Woofsurfer/mri
/Applications/freesurfer/tktools/tksurfer.bin Woofsurfer rh inflated 
############################


############################
Mon Jun 25 13:32:42 EDT 2012
/Applications/freesurfer/subjects/Woofsurfer/mri
/Applications/freesurfer/tktools/tksurfer.bin Woofsurfer rh inflated 
############################


############################
Mon Jun 25 13:36:01 EDT 2012
/Applications/freesurfer/subjects/Woofsurfer/mri
/Applications/freesurfer/tktools/tksurfer.bin Woofsurfer rh inflated 
############################


############################
Mon Jun 25 14:45:33 EDT 2012
/Applications/freesurfer/subjects/Woofsurfer/mri
/Applications/freesurfer/tktools/tksurfer.bin Woofsurfer rh inflated 
############################


############################
Mon Jun 25 14:45:33 EDT 2012
/Applications/freesurfer/subjects/Woofsurfer/mri
/Applications/freesurfer/tktools/tksurfer.bin Woofsurfer lh inflated 
############################


############################
Mon Jun 25 16:52:53 EDT 2012
/Applications/freesurfer/subjects/Woofsurfer/mri
/Applications/freesurfer/tktools/tksurfer.bin Woofsurfer lh inflated 
############################


############################
Mon Jul 30 17:25:12 EDT 2012
/Applications/freesurfer/subjects/Woofsurfer/mri
/Applications/freesurfer/tktools/tksurfer.bin Woofsurfer lh inflated 
############################


############################
Mon Jul 30 17:57:49 EDT 2012
/Applications/freesurfer/subjects/Woofsurfer/mri
/Applications/freesurfer/tktools/tksurfer.bin Woofsurfer lh inflated 
############################
